<?xml version="1.0" encoding="UTF-8"?>
<!-- Generated by org.testng.reporters.JUnitReportReporter -->
<testsuite hostname="Red_Cloud2000" failures="0" tests="9" name="features.f2_product_management.Products" time="5.482" errors="0" timestamp="2024-10-13T18:46:04 EEST" skipped="0">
  <testcase classname="features.f2_product_management.Products" name="viewProducts" time="0.430"/>
  <testcase classname="features.f2_product_management.Products" name="verifyProductDescription" time="0.546"/>
  <testcase classname="features.f2_product_management.Products" name="correctImageDisplayForProducts" time="0.545"/>
  <testcase classname="features.f2_product_management.Products" name="addSingleItemToCart" time="0.556"/>
  <testcase classname="features.f2_product_management.Products" name="addMultipleItemsToCart" time="0.491"/>
  <testcase classname="features.f2_product_management.Products" name="productSortingLowToHigh" time="0.820"/>
  <testcase classname="features.f2_product_management.Products" name="productSortingHighToLow" time="0.956"/>
  <testcase classname="features.f2_product_management.Products" name="productSortingAToZ" time="0.570"/>
  <testcase classname="features.f2_product_management.Products" name="productSortingZToA" time="0.568"/>
</testsuite> <!-- features.f2_product_management.Products -->
